2025-12-23 22:47:34,410 [pid 31367] INFO: Experiment cartpole_variant_a started at 20251223_224734
2025-12-23 22:47:34,411 [pid 31367] INFO: Using device: cpu
2025-12-23 22:47:34,897 [pid 31367] INFO: Experiment cartpole_variant_a started
2025-12-23 22:47:34,898 [pid 31367] INFO: Experiment config: <src.experiments.multi_alignment_ppo.MultiAlignmentPPOConfig object at 0x102dbcad0>
2025-12-23 22:47:35,928 [pid 31367] INFO: Machine info: {'cpu_percent': 12.8, 'memory_total': 17179869184, 'memory_available': 3570761728, 'memory_percent': 79.2, 'memory_used': 5982994432, 'system_info': {'system': 'Darwin', 'node': 'GooseMacdeMacBook-Air.local', 'release': '24.6.0', 'version': 'Darwin Kernel Version 24.6.0: Mon Jul 14 11:30:40 PDT 2025; root:xnu-11417.140.69~1/RELEASE_ARM64_T8132', 'machine': 'arm64', 'processor': 'arm'}}
2025-12-23 22:47:35,933 [pid 31367] INFO: Starting Multi-Alignment PPO Experiment
2025-12-23 22:47:35,933 [pid 31367] INFO: Variant: A
2025-12-23 22:47:35,934 [pid 31367] INFO: Environment: CartPole-v1
2025-12-23 22:47:35,934 [pid 31367] INFO: Config: {'name': 'cartpole_variant_a', 'data_dir': './Experiments/cartpole_variant_a/data', 'result_dir': './Experiments/cartpole_variant_a/results', 'log_dir': './Experiments/cartpole_variant_a/logs', 'experiment_dir': './Experiments/cartpole_variant_a/', 'K': None, 'category': None, 'variant': 'A', 'env_name': 'CartPole-v1', 'learning_rate': 0.0003, 'num_steps': 128, 'total_timesteps': 80000, 'gamma': 0.99, 'gae_lambda': 0.95, 'update_epochs': 4, 'clip_coef': 0.2, 'ent_coef': 0.001, 'vf_coef': 0.5, 'max_grad_norm': 0.5, 'batch_size': 64, 'num_objectives': 2}
2025-12-23 22:47:35,936 [pid 31367] INFO: Starting training...
2025-12-23 22:47:51,324 [pid 31367] INFO: Starting evaluation...
2025-12-23 22:47:51,575 [pid 31367] INFO: Results saved to ./Experiments/cartpole_variant_a/results/variant_a_results.json
2025-12-23 22:47:51,576 [pid 31367] INFO: Experiment cartpole_variant_b started at 20251223_224751
2025-12-23 22:47:51,576 [pid 31367] INFO: Using device: cpu
2025-12-23 22:47:51,577 [pid 31367] INFO: Experiment cartpole_variant_b started
2025-12-23 22:47:51,578 [pid 31367] INFO: Experiment config: <src.experiments.multi_alignment_ppo.MultiAlignmentPPOConfig object at 0x104b38410>
2025-12-23 22:47:52,584 [pid 31367] INFO: Machine info: {'cpu_percent': 9.8, 'memory_total': 17179869184, 'memory_available': 4072079360, 'memory_percent': 76.3, 'memory_used': 6045286400, 'system_info': {'system': 'Darwin', 'node': 'GooseMacdeMacBook-Air.local', 'release': '24.6.0', 'version': 'Darwin Kernel Version 24.6.0: Mon Jul 14 11:30:40 PDT 2025; root:xnu-11417.140.69~1/RELEASE_ARM64_T8132', 'machine': 'arm64', 'processor': 'arm'}}
2025-12-23 22:47:52,587 [pid 31367] INFO: Starting Multi-Alignment PPO Experiment
2025-12-23 22:47:52,588 [pid 31367] INFO: Variant: B
2025-12-23 22:47:52,589 [pid 31367] INFO: Environment: CartPole-v1
2025-12-23 22:47:52,590 [pid 31367] INFO: Config: {'name': 'cartpole_variant_b', 'data_dir': './Experiments/cartpole_variant_b/data', 'result_dir': './Experiments/cartpole_variant_b/results', 'log_dir': './Experiments/cartpole_variant_b/logs', 'experiment_dir': './Experiments/cartpole_variant_b/', 'K': None, 'category': None, 'variant': 'B', 'env_name': 'CartPole-v1', 'learning_rate': 0.0003, 'num_steps': 128, 'total_timesteps': 80000, 'gamma': 0.99, 'gae_lambda': 0.95, 'update_epochs': 4, 'clip_coef': 0.2, 'ent_coef': 0.001, 'vf_coef': 0.5, 'max_grad_norm': 0.5, 'batch_size': 64, 'num_objectives': 2}
2025-12-23 22:47:52,592 [pid 31367] INFO: Starting training...
2025-12-23 22:48:07,593 [pid 31367] INFO: Starting evaluation...
2025-12-23 22:48:07,880 [pid 31367] INFO: Results saved to ./Experiments/cartpole_variant_b/results/variant_b_results.json
2025-12-23 22:48:07,880 [pid 31367] INFO: Experiment cartpole_variant_c started at 20251223_224807
2025-12-23 22:48:07,881 [pid 31367] INFO: Using device: cpu
2025-12-23 22:48:07,882 [pid 31367] INFO: Experiment cartpole_variant_c started
2025-12-23 22:48:07,883 [pid 31367] INFO: Experiment config: <src.experiments.multi_alignment_ppo.MultiAlignmentPPOConfig object at 0x1091f0cb0>
2025-12-23 22:48:08,888 [pid 31367] INFO: Machine info: {'cpu_percent': 7.4, 'memory_total': 17179869184, 'memory_available': 3941629952, 'memory_percent': 77.1, 'memory_used': 6214008832, 'system_info': {'system': 'Darwin', 'node': 'GooseMacdeMacBook-Air.local', 'release': '24.6.0', 'version': 'Darwin Kernel Version 24.6.0: Mon Jul 14 11:30:40 PDT 2025; root:xnu-11417.140.69~1/RELEASE_ARM64_T8132', 'machine': 'arm64', 'processor': 'arm'}}
2025-12-23 22:48:08,892 [pid 31367] INFO: Starting Multi-Alignment PPO Experiment
2025-12-23 22:48:08,893 [pid 31367] INFO: Variant: C
2025-12-23 22:48:08,894 [pid 31367] INFO: Environment: CartPole-v1
2025-12-23 22:48:08,894 [pid 31367] INFO: Config: {'name': 'cartpole_variant_c', 'data_dir': './Experiments/cartpole_variant_c/data', 'result_dir': './Experiments/cartpole_variant_c/results', 'log_dir': './Experiments/cartpole_variant_c/logs', 'experiment_dir': './Experiments/cartpole_variant_c/', 'K': None, 'category': None, 'variant': 'C', 'env_name': 'CartPole-v1', 'learning_rate': 0.0003, 'num_steps': 128, 'total_timesteps': 80000, 'gamma': 0.99, 'gae_lambda': 0.95, 'update_epochs': 4, 'clip_coef': 0.2, 'ent_coef': 0.001, 'vf_coef': 0.5, 'max_grad_norm': 0.5, 'batch_size': 64, 'num_objectives': 2}
2025-12-23 22:48:08,896 [pid 31367] INFO: Starting training...
2025-12-23 22:48:24,397 [pid 31367] INFO: Starting evaluation...
2025-12-23 22:48:24,604 [pid 31367] INFO: Results saved to ./Experiments/cartpole_variant_c/results/variant_c_results.json
