2025-12-23 22:20:06,358 [pid 28529] INFO: Experiment cartpole_variant_a started at 20251223_222006
2025-12-23 22:20:06,359 [pid 28529] INFO: Using device: cpu
2025-12-23 22:20:06,841 [pid 28529] INFO: Experiment cartpole_variant_a started
2025-12-23 22:20:06,842 [pid 28529] INFO: Experiment config: <src.experiments.multi_alignment_ppo.MultiAlignmentPPOConfig object at 0x104458b00>
2025-12-23 22:20:07,874 [pid 28529] INFO: Machine info: {'cpu_percent': 4.0, 'memory_total': 17179869184, 'memory_available': 3869556736, 'memory_percent': 77.5, 'memory_used': 6031704064, 'system_info': {'system': 'Darwin', 'node': 'GooseMacdeMacBook-Air.local', 'release': '24.6.0', 'version': 'Darwin Kernel Version 24.6.0: Mon Jul 14 11:30:40 PDT 2025; root:xnu-11417.140.69~1/RELEASE_ARM64_T8132', 'machine': 'arm64', 'processor': 'arm'}}
2025-12-23 22:20:07,878 [pid 28529] INFO: Starting Multi-Alignment PPO Experiment
2025-12-23 22:20:07,878 [pid 28529] INFO: Variant: A
2025-12-23 22:20:07,879 [pid 28529] INFO: Environment: CartPole-v1
2025-12-23 22:20:07,879 [pid 28529] INFO: Config: {'name': 'cartpole_variant_a', 'data_dir': './Experiments/cartpole_variant_a/data', 'result_dir': './Experiments/cartpole_variant_a/results', 'log_dir': './Experiments/cartpole_variant_a/logs', 'experiment_dir': './Experiments/cartpole_variant_a/', 'K': None, 'category': None, 'variant': 'A', 'env_name': 'CartPole-v1', 'learning_rate': 0.0003, 'num_steps': 128, 'total_timesteps': 80000, 'gamma': 0.99, 'gae_lambda': 0.95, 'update_epochs': 4, 'clip_coef': 0.2, 'ent_coef': 0.001, 'vf_coef': 0.5, 'max_grad_norm': 0.5, 'batch_size': 64, 'num_objectives': 2}
2025-12-23 22:20:07,881 [pid 28529] INFO: Starting training...
2025-12-23 22:20:22,066 [pid 28529] INFO: Starting evaluation...
2025-12-23 22:20:22,344 [pid 28529] INFO: Results saved to ./Experiments/cartpole_variant_a/results/variant_a_results.json
2025-12-23 22:20:22,344 [pid 28529] INFO: Experiment cartpole_variant_b started at 20251223_222022
2025-12-23 22:20:22,345 [pid 28529] INFO: Using device: cpu
2025-12-23 22:20:22,346 [pid 28529] INFO: Experiment cartpole_variant_b started
2025-12-23 22:20:22,347 [pid 28529] INFO: Experiment config: <src.experiments.multi_alignment_ppo.MultiAlignmentPPOConfig object at 0x10a5bd640>
2025-12-23 22:20:23,353 [pid 28529] INFO: Machine info: {'cpu_percent': 16.2, 'memory_total': 17179869184, 'memory_available': 4160045056, 'memory_percent': 75.8, 'memory_used': 6335217664, 'system_info': {'system': 'Darwin', 'node': 'GooseMacdeMacBook-Air.local', 'release': '24.6.0', 'version': 'Darwin Kernel Version 24.6.0: Mon Jul 14 11:30:40 PDT 2025; root:xnu-11417.140.69~1/RELEASE_ARM64_T8132', 'machine': 'arm64', 'processor': 'arm'}}
2025-12-23 22:20:23,357 [pid 28529] INFO: Starting Multi-Alignment PPO Experiment
2025-12-23 22:20:23,358 [pid 28529] INFO: Variant: B
2025-12-23 22:20:23,358 [pid 28529] INFO: Environment: CartPole-v1
2025-12-23 22:20:23,359 [pid 28529] INFO: Config: {'name': 'cartpole_variant_b', 'data_dir': './Experiments/cartpole_variant_b/data', 'result_dir': './Experiments/cartpole_variant_b/results', 'log_dir': './Experiments/cartpole_variant_b/logs', 'experiment_dir': './Experiments/cartpole_variant_b/', 'K': None, 'category': None, 'variant': 'B', 'env_name': 'CartPole-v1', 'learning_rate': 0.0003, 'num_steps': 128, 'total_timesteps': 80000, 'gamma': 0.99, 'gae_lambda': 0.95, 'update_epochs': 4, 'clip_coef': 0.2, 'ent_coef': 0.001, 'vf_coef': 0.5, 'max_grad_norm': 0.5, 'batch_size': 64, 'num_objectives': 2}
2025-12-23 22:20:23,361 [pid 28529] INFO: Starting training...
2025-12-23 22:20:38,242 [pid 28529] INFO: Starting evaluation...
2025-12-23 22:20:38,418 [pid 28529] INFO: Results saved to ./Experiments/cartpole_variant_b/results/variant_b_results.json
2025-12-23 22:20:38,419 [pid 28529] INFO: Experiment cartpole_variant_c started at 20251223_222038
2025-12-23 22:20:38,419 [pid 28529] INFO: Using device: cpu
2025-12-23 22:20:38,421 [pid 28529] INFO: Experiment cartpole_variant_c started
2025-12-23 22:20:38,421 [pid 28529] INFO: Experiment config: <src.experiments.multi_alignment_ppo.MultiAlignmentPPOConfig object at 0x10ae46ab0>
2025-12-23 22:20:39,427 [pid 28529] INFO: Machine info: {'cpu_percent': 7.9, 'memory_total': 17179869184, 'memory_available': 4296867840, 'memory_percent': 75.0, 'memory_used': 6529531904, 'system_info': {'system': 'Darwin', 'node': 'GooseMacdeMacBook-Air.local', 'release': '24.6.0', 'version': 'Darwin Kernel Version 24.6.0: Mon Jul 14 11:30:40 PDT 2025; root:xnu-11417.140.69~1/RELEASE_ARM64_T8132', 'machine': 'arm64', 'processor': 'arm'}}
2025-12-23 22:20:39,430 [pid 28529] INFO: Starting Multi-Alignment PPO Experiment
2025-12-23 22:20:39,431 [pid 28529] INFO: Variant: C
2025-12-23 22:20:39,431 [pid 28529] INFO: Environment: CartPole-v1
2025-12-23 22:20:39,432 [pid 28529] INFO: Config: {'name': 'cartpole_variant_c', 'data_dir': './Experiments/cartpole_variant_c/data', 'result_dir': './Experiments/cartpole_variant_c/results', 'log_dir': './Experiments/cartpole_variant_c/logs', 'experiment_dir': './Experiments/cartpole_variant_c/', 'K': None, 'category': None, 'variant': 'C', 'env_name': 'CartPole-v1', 'learning_rate': 0.0003, 'num_steps': 128, 'total_timesteps': 80000, 'gamma': 0.99, 'gae_lambda': 0.95, 'update_epochs': 4, 'clip_coef': 0.2, 'ent_coef': 0.001, 'vf_coef': 0.5, 'max_grad_norm': 0.5, 'batch_size': 64, 'num_objectives': 2}
2025-12-23 22:20:39,434 [pid 28529] INFO: Starting training...
2025-12-23 22:20:54,558 [pid 28529] INFO: Starting evaluation...
2025-12-23 22:20:54,807 [pid 28529] INFO: Results saved to ./Experiments/cartpole_variant_c/results/variant_c_results.json
