2025-12-23 23:00:15,687 [pid 32071] INFO: Experiment cartpole_variant_a started at 20251223_230015
2025-12-23 23:00:15,688 [pid 32071] INFO: Using device: cpu
2025-12-23 23:00:16,160 [pid 32071] INFO: Experiment cartpole_variant_a started
2025-12-23 23:00:16,161 [pid 32071] INFO: Experiment config: <src.experiments.multi_alignment_ppo.MultiAlignmentPPOConfig object at 0x1024e0ad0>
2025-12-23 23:00:17,188 [pid 32071] INFO: Machine info: {'cpu_percent': 7.9, 'memory_total': 17179869184, 'memory_available': 4128260096, 'memory_percent': 76.0, 'memory_used': 6426886144, 'system_info': {'system': 'Darwin', 'node': 'GooseMacdeMacBook-Air.local', 'release': '24.6.0', 'version': 'Darwin Kernel Version 24.6.0: Mon Jul 14 11:30:40 PDT 2025; root:xnu-11417.140.69~1/RELEASE_ARM64_T8132', 'machine': 'arm64', 'processor': 'arm'}}
2025-12-23 23:00:17,193 [pid 32071] INFO: Starting Multi-Alignment PPO Experiment
2025-12-23 23:00:17,194 [pid 32071] INFO: Variant: A
2025-12-23 23:00:17,194 [pid 32071] INFO: Environment: CartPole-v1
2025-12-23 23:00:17,195 [pid 32071] INFO: Config: {'name': 'cartpole_variant_a', 'data_dir': './Experiments/cartpole_variant_a/data', 'result_dir': './Experiments/cartpole_variant_a/results', 'log_dir': './Experiments/cartpole_variant_a/logs', 'experiment_dir': './Experiments/cartpole_variant_a/', 'K': None, 'category': None, 'variant': 'A', 'env_name': 'CartPole-v1', 'learning_rate': 0.0003, 'num_steps': 128, 'total_timesteps': 80000, 'gamma': 0.99, 'gae_lambda': 0.95, 'update_epochs': 4, 'clip_coef': 0.2, 'ent_coef': 0.001, 'vf_coef': 0.5, 'max_grad_norm': 0.5, 'batch_size': 64, 'num_objectives': 2}
2025-12-23 23:00:17,196 [pid 32071] INFO: Starting training...
2025-12-23 23:00:32,420 [pid 32071] INFO: Starting evaluation...
2025-12-23 23:00:32,633 [pid 32071] INFO: Results saved to ./Experiments/cartpole_variant_a/results/variant_a_results.json
2025-12-23 23:00:32,633 [pid 32071] INFO: Experiment cartpole_variant_b started at 20251223_230032
2025-12-23 23:00:32,634 [pid 32071] INFO: Using device: cpu
2025-12-23 23:00:32,635 [pid 32071] INFO: Experiment cartpole_variant_b started
2025-12-23 23:00:32,636 [pid 32071] INFO: Experiment config: <src.experiments.multi_alignment_ppo.MultiAlignmentPPOConfig object at 0x10f81e0f0>
2025-12-23 23:00:33,642 [pid 32071] INFO: Machine info: {'cpu_percent': 24.3, 'memory_total': 17179869184, 'memory_available': 4159455232, 'memory_percent': 75.8, 'memory_used': 6358859776, 'system_info': {'system': 'Darwin', 'node': 'GooseMacdeMacBook-Air.local', 'release': '24.6.0', 'version': 'Darwin Kernel Version 24.6.0: Mon Jul 14 11:30:40 PDT 2025; root:xnu-11417.140.69~1/RELEASE_ARM64_T8132', 'machine': 'arm64', 'processor': 'arm'}}
2025-12-23 23:00:33,646 [pid 32071] INFO: Starting Multi-Alignment PPO Experiment
2025-12-23 23:00:33,646 [pid 32071] INFO: Variant: B
2025-12-23 23:00:33,647 [pid 32071] INFO: Environment: CartPole-v1
2025-12-23 23:00:33,648 [pid 32071] INFO: Config: {'name': 'cartpole_variant_b', 'data_dir': './Experiments/cartpole_variant_b/data', 'result_dir': './Experiments/cartpole_variant_b/results', 'log_dir': './Experiments/cartpole_variant_b/logs', 'experiment_dir': './Experiments/cartpole_variant_b/', 'K': None, 'category': None, 'variant': 'B', 'env_name': 'CartPole-v1', 'learning_rate': 0.0003, 'num_steps': 128, 'total_timesteps': 80000, 'gamma': 0.99, 'gae_lambda': 0.95, 'update_epochs': 4, 'clip_coef': 0.2, 'ent_coef': 0.001, 'vf_coef': 0.5, 'max_grad_norm': 0.5, 'batch_size': 64, 'num_objectives': 2}
2025-12-23 23:00:33,650 [pid 32071] INFO: Starting training...
2025-12-23 23:00:48,472 [pid 32071] INFO: Starting evaluation...
2025-12-23 23:00:48,676 [pid 32071] INFO: Results saved to ./Experiments/cartpole_variant_b/results/variant_b_results.json
2025-12-23 23:00:48,676 [pid 32071] INFO: Experiment cartpole_variant_c started at 20251223_230048
2025-12-23 23:00:48,677 [pid 32071] INFO: Using device: cpu
2025-12-23 23:00:48,678 [pid 32071] INFO: Experiment cartpole_variant_c started
2025-12-23 23:00:48,679 [pid 32071] INFO: Experiment config: <src.experiments.multi_alignment_ppo.MultiAlignmentPPOConfig object at 0x1194c7c20>
2025-12-23 23:00:49,684 [pid 32071] INFO: Machine info: {'cpu_percent': 10.2, 'memory_total': 17179869184, 'memory_available': 4131684352, 'memory_percent': 76.0, 'memory_used': 6442991616, 'system_info': {'system': 'Darwin', 'node': 'GooseMacdeMacBook-Air.local', 'release': '24.6.0', 'version': 'Darwin Kernel Version 24.6.0: Mon Jul 14 11:30:40 PDT 2025; root:xnu-11417.140.69~1/RELEASE_ARM64_T8132', 'machine': 'arm64', 'processor': 'arm'}}
2025-12-23 23:00:49,689 [pid 32071] INFO: Starting Multi-Alignment PPO Experiment
2025-12-23 23:00:49,690 [pid 32071] INFO: Variant: C
2025-12-23 23:00:49,690 [pid 32071] INFO: Environment: CartPole-v1
2025-12-23 23:00:49,691 [pid 32071] INFO: Config: {'name': 'cartpole_variant_c', 'data_dir': './Experiments/cartpole_variant_c/data', 'result_dir': './Experiments/cartpole_variant_c/results', 'log_dir': './Experiments/cartpole_variant_c/logs', 'experiment_dir': './Experiments/cartpole_variant_c/', 'K': None, 'category': None, 'variant': 'C', 'env_name': 'CartPole-v1', 'learning_rate': 0.0003, 'num_steps': 128, 'total_timesteps': 80000, 'gamma': 0.99, 'gae_lambda': 0.95, 'update_epochs': 4, 'clip_coef': 0.2, 'ent_coef': 0.001, 'vf_coef': 0.5, 'max_grad_norm': 0.5, 'batch_size': 64, 'num_objectives': 2}
2025-12-23 23:00:49,693 [pid 32071] INFO: Starting training...
2025-12-23 23:01:05,331 [pid 32071] INFO: Starting evaluation...
2025-12-23 23:01:05,488 [pid 32071] INFO: Results saved to ./Experiments/cartpole_variant_c/results/variant_c_results.json
